<?xml version="1.0" encoding="UTF-8" standalone="yes" ?>
<test-results name="F:\Projeto\AdminPlus\API\modules\dbebr\Test Delphi\TestsFireDAC.exe" total="14" errors="0" failures="0" ignored="0" inconclusive="0" not-run="0" skipped="0" invalid="0" date="2024-04-01" time="0.141">
  <culture-info current-culture="en" current-uiculture="en" />
  <test-suite type="Assembly" name="TestsFireDAC.exe" executed="true" result="Success" success="True" time="0.141" asserts="0">
    <results>
        <test-suite type="Namespace" name="Tests" executed="true" result="Success" success="True" time="0.138" asserts="0" >
          <results>
              <test-suite type="Fixture" name="TTestDriverConnection" executed="True" result="Success" success="True" time="0.138" >
                <results>
                  <test-case name="TestConnect" executed="True" result="Success" success="True" time="0.004" asserts="0" />
                  <test-case name="TestDisconnect" executed="True" result="Success" success="True" time="0.000" asserts="0" />
                  <test-case name="TestExecuteDirect" executed="True" result="Success" success="True" time="0.008" asserts="0" />
                  <test-case name="TestExecuteDirectParams" executed="True" result="Success" success="True" time="0.011" asserts="0" />
                  <test-case name="TestExecuteScript" executed="True" result="Success" success="True" time="0.056" asserts="0" />
                  <test-case name="TestAddScript" executed="True" result="Success" success="True" time="0.004" asserts="0" />
                  <test-case name="TestExecuteScripts" executed="True" result="Success" success="True" time="0.003" asserts="0" />
                  <test-case name="TestIsConnected" executed="True" result="Success" success="True" time="0.000" asserts="0" />
                  <test-case name="TestInTransaction" executed="True" result="Success" success="True" time="0.002" asserts="0" />
                  <test-case name="TestCreateQuery" executed="True" result="Success" success="True" time="0.005" asserts="0" />
                  <test-case name="TestCreateResultSet" executed="True" result="Success" success="True" time="0.002" asserts="0" />
                  <test-case name="TestStartTransaction" executed="True" result="Success" success="True" time="0.004" asserts="0" />
                  <test-case name="TestCommit" executed="True" result="Success" success="True" time="0.004" asserts="0" />
                  <test-case name="TestRollback" executed="True" result="Success" success="True" time="0.004" asserts="0" />
                </results>
              </test-suite>
          </results>
        </test-suite>
    </results>
  </test-suite>
</test-results>
